<?xml version="1.0" encoding="utf-8" standalone="no"?>
<test-run id="2" testcasecount="1" result="Passed" total="1" passed="1" failed="0" inconclusive="0" skipped="0" asserts="0" engine-version="3.10.0.0" clr-version="4.0.30319.42000" start-time="2019-03-30 09:48:01Z" end-time="2019-03-30 09:48:06Z" duration="5.224310">
  <command-line><![CDATA[nunit3-console  C:\WeatherApp_APITesting\WeatherAPITesting\WeatherAPITesting\WeatherAPITesting.csproj]]></command-line>
  <test-suite type="Assembly" id="1-1003" name="WeatherAPITesting.dll" fullname="WeatherAPITesting.dll" runstate="Runnable" testcasecount="1" result="Passed" start-time="2019-03-30 09:48:01Z" end-time="2019-03-30 09:48:06Z" duration="4.311383" total="1" passed="1" failed="0" warnings="0" inconclusive="0" skipped="0" asserts="0">
    <environment framework-version="3.11.0.0" clr-version="4.0.30319.42000" os-version="Microsoft Windows NT 10.0.17134.0" platform="Win32NT" cwd="C:\WeatherApp_APITesting\WeatherAPITesting\packages\NUnit.ConsoleRunner.3.10.0\tools" machine-name="INVSYDWKS-007" user="suresh.nammi" user-domain="INVIGOR" culture="en-US" uiculture="en-US" os-architecture="x64" />
    <settings>
      <setting name="BasePath" value="C:\WeatherApp_APITesting\WeatherAPITesting\WeatherAPITesting\bin\Debug\" />
      <setting name="DisposeRunners" value="True" />
      <setting name="WorkDirectory" value="C:\WeatherApp_APITesting\WeatherAPITesting\packages\NUnit.ConsoleRunner.3.10.0\tools" />
      <setting name="ImageRuntimeVersion" value="4.0.30319" />
      <setting name="ImageTargetFrameworkName" value=".NETFramework,Version=v4.6.1" />
      <setting name="ImageRequiresX86" value="False" />
      <setting name="ImageRequiresDefaultAppDomainAssemblyResolver" value="False" />
      <setting name="NumberOfTestWorkers" value="8" />
    </settings>
    <properties>
      <property name="_PID" value="9264" />
      <property name="_APPDOMAIN" value="domain-a3bc0f1b-WeatherAPITesting.csproj" />
    </properties>
    <test-suite type="TestSuite" id="1-1004" name="WeatherAPITesting" fullname="WeatherAPITesting" runstate="Runnable" testcasecount="1" result="Passed" start-time="2019-03-30 09:48:01Z" end-time="2019-03-30 09:48:06Z" duration="4.289707" total="1" passed="1" failed="0" warnings="0" inconclusive="0" skipped="0" asserts="0">
      <test-suite type="TestFixture" id="1-1000" name="WhrApiTesting_expV3" fullname="WeatherAPITesting.WhrApiTesting_expV3" classname="WeatherAPITesting.WhrApiTesting_expV3" runstate="Runnable" testcasecount="1" result="Passed" start-time="2019-03-30 09:48:01Z" end-time="2019-03-30 09:48:06Z" duration="4.286486" total="1" passed="1" failed="0" warnings="0" inconclusive="0" skipped="0" asserts="0">
        <test-suite type="ParameterizedMethod" id="1-1002" name="WeathAPITest" fullname="WeatherAPITesting.WhrApiTesting_expV3.WeathAPITest" classname="WeatherAPITesting.WhrApiTesting_expV3" runstate="Runnable" testcasecount="1" result="Passed" start-time="2019-03-30 09:48:02Z" end-time="2019-03-30 09:48:06Z" duration="3.997779" total="1" passed="1" failed="0" warnings="0" inconclusive="0" skipped="0" asserts="0">
          <test-case id="1-1001" name="WeathAPITest(&quot;Sydney&quot;,20)" fullname="WeatherAPITesting.WhrApiTesting_expV3.WeathAPITest(&quot;Sydney&quot;,20)" methodname="WeathAPITest" classname="WeatherAPITesting.WhrApiTesting_expV3" runstate="Runnable" seed="21160793" result="Passed" start-time="2019-03-30 09:48:02Z" end-time="2019-03-30 09:48:06Z" duration="3.989453" asserts="0">
            <output><![CDATA[Date:--Monday, 01 April 2019       Temperature:--21
Date:--Tuesday, 02 April 2019       Temperature:--21
Date:--Wednesday, 03 April 2019       Temperature:--21
Date:--Thursday, 04 April 2019       Temperature:--21
]]></output>
          </test-case>
        </test-suite>
      </test-suite>
    </test-suite>
  </test-suite>
</test-run>